Determining if the pthread_create exist failed with the following output:
Change Dir: /home/deangeli/bitbucket/libfl/cmake-build-debug/CMakeFiles/CMakeTmp

Run Build Command:"/usr/bin/make" "cmTC_661aa/fast"
/usr/bin/make -f CMakeFiles/cmTC_661aa.dir/build.make CMakeFiles/cmTC_661aa.dir/build
make[1]: Entering directory '/home/deangeli/bitbucket/libfl/cmake-build-debug/CMakeFiles/CMakeTmp'
Building C object CMakeFiles/cmTC_661aa.dir/CheckSymbolExists.c.o
/usr/bin/cc    -O3    -o CMakeFiles/cmTC_661aa.dir/CheckSymbolExists.c.o   -c /home/deangeli/bitbucket/libfl/cmake-build-debug/CMakeFiles/CMakeTmp/CheckSymbolExists.c
Linking C executable cmTC_661aa
/home/deangeli/Downloads/clion-2017.1.3/bin/cmake/bin/cmake -E cmake_link_script CMakeFiles/cmTC_661aa.dir/link.txt --verbose=1
/usr/bin/cc   -O3     CMakeFiles/cmTC_661aa.dir/CheckSymbolExists.c.o  -o cmTC_661aa -rdynamic 
CMakeFiles/cmTC_661aa.dir/CheckSymbolExists.c.o: In function `main':
CheckSymbolExists.c:(.text.startup+0x6): undefined reference to `pthread_create'
collect2: error: ld returned 1 exit status
CMakeFiles/cmTC_661aa.dir/build.make:97: recipe for target 'cmTC_661aa' failed
make[1]: *** [cmTC_661aa] Error 1
make[1]: Leaving directory '/home/deangeli/bitbucket/libfl/cmake-build-debug/CMakeFiles/CMakeTmp'
Makefile:126: recipe for target 'cmTC_661aa/fast' failed
make: *** [cmTC_661aa/fast] Error 2

File /home/deangeli/bitbucket/libfl/cmake-build-debug/CMakeFiles/CMakeTmp/CheckSymbolExists.c:
/* */
#include <pthread.h>

int main(int argc, char** argv)
{
  (void)argv;
#ifndef pthread_create
  return ((int*)(&pthread_create))[argc];
#else
  (void)argc;
  return 0;
#endif
}

Determining if the function pthread_create exists in the pthreads failed with the following output:
Change Dir: /home/deangeli/bitbucket/libfl/cmake-build-debug/CMakeFiles/CMakeTmp

Run Build Command:"/usr/bin/make" "cmTC_17107/fast"
/usr/bin/make -f CMakeFiles/cmTC_17107.dir/build.make CMakeFiles/cmTC_17107.dir/build
make[1]: Entering directory '/home/deangeli/bitbucket/libfl/cmake-build-debug/CMakeFiles/CMakeTmp'
Building C object CMakeFiles/cmTC_17107.dir/CheckFunctionExists.c.o
/usr/bin/cc    -O3 -DCHECK_FUNCTION_EXISTS=pthread_create   -o CMakeFiles/cmTC_17107.dir/CheckFunctionExists.c.o   -c /home/deangeli/Downloads/clion-2017.1.3/bin/cmake/share/cmake-3.7/Modules/CheckFunctionExists.c
Linking C executable cmTC_17107
/home/deangeli/Downloads/clion-2017.1.3/bin/cmake/bin/cmake -E cmake_link_script CMakeFiles/cmTC_17107.dir/link.txt --verbose=1
/usr/bin/cc   -O3 -DCHECK_FUNCTION_EXISTS=pthread_create    CMakeFiles/cmTC_17107.dir/CheckFunctionExists.c.o  -o cmTC_17107 -rdynamic -lpthreads 
/usr/bin/ld: cannot find -lpthreads
collect2: error: ld returned 1 exit status
CMakeFiles/cmTC_17107.dir/build.make:97: recipe for target 'cmTC_17107' failed
make[1]: *** [cmTC_17107] Error 1
make[1]: Leaving directory '/home/deangeli/bitbucket/libfl/cmake-build-debug/CMakeFiles/CMakeTmp'
Makefile:126: recipe for target 'cmTC_17107/fast' failed
make: *** [cmTC_17107/fast] Error 2


